********************************************************************************
Email stored not sent on 2024-03-10 13:53:19.158084: Price Spike BUTTER

Spike found in prices for BUTTER/20240600: need to manually check by running interactive_manual_check_historical_prices
********************************************************************************

********************************************************************************
Email stored not sent on 2024-03-10 14:14:00.152249: Price Spike HOUSE-US

Spike found in prices for HOUSE-US/20241100: need to manually check by running interactive_manual_check_historical_prices
********************************************************************************

********************************************************************************
Email stored not sent on 2024-03-10 14:18:32.247213: Price Spike MILKDRY

Spike found in prices for MILKDRY/20240900: need to manually check by running interactive_manual_check_historical_prices
********************************************************************************

********************************************************************************
Email stored not sent on 2024-03-10 14:34:49.359014: Price Spike WHEY

Spike found in prices for WHEY/20240500: need to manually check by running interactive_manual_check_historical_prices
********************************************************************************

********************************************************************************
Email stored not sent on 2024-03-10 14:34:51.392876: Price Spike WHEY

To reduce email load, won't send any more emails with this subject today. Use 'interactive_diagnostics', 'logs, emails, and errors' to see stored messages
********************************************************************************

********************************************************************************
Email stored not sent on 2024-03-10 14:34:51.395873: Price Spike WHEY

Spike found in prices for WHEY/20240600: need to manually check by running interactive_manual_check_historical_prices
********************************************************************************

